#
# A fatal error has been detected by the Java Runtime Environment:
#
#  SIGBUS (0xa) at pc=0x000000011eb6a0c0, pid=15029, tid=5891
#
# JRE version: Java(TM) SE Runtime Environment (8.0_73-b02) (build 1.8.0_73-b02)
# Java VM: Java HotSpot(TM) 64-Bit Server VM (25.73-b02 mixed mode bsd-amd64 compressed oops)
# Problematic frame:
# C  [libjnlua5.1.jnilib+0x200c0]  newkey+0x50
#
# Failed to write core dump. Core dumps have been disabled. To enable core dumping, try "ulimit -c unlimited" before starting Java again
#
# If you would like to submit a bug report, please visit:
#   http://bugreport.java.com/bugreport/crash.jsp
# The crash happened outside the Java Virtual Machine in native code.
# See problematic frame for where to report the bug.
#

---------------  T H R E A D  ---------------

Current thread (0x00007fb573801800):  JavaThread "main" [_thread_in_native, id=5891, stack(0x000070000011a000,0x000070000021a000)]

siginfo: si_signo: 10 (SIGBUS), si_code: 2 (BUS_ADRERR), si_addr: 0x000000011eb38a10

Registers:
RAX=0x00007fb571d37000, RBX=0x00007fb571d395b0, RCX=0x0000000000000000, RDX=0x00007fb571d39760
RSP=0x0000700000219100, RBP=0x00007000002191c0, RSI=0x00007fb571d39760, RDI=0x0000000000000000
R8 =0x0000000000000000, R9 =0x00007fb5720050d0, R10=0x0000000105dd7e18, R11=0x0000000000000000
R12=0x000000011eb38a00, R13=0x00007fb571c29780, R14=0x0000000000000000, R15=0x00007fb571e1da50
RIP=0x000000011eb6a0c0, EFLAGS=0x0000000000010287, ERR=0x0000000000000007
  TRAPNO=0x000000000000000e

Top of Stack: (sp=0x0000700000219100)
0x0000700000219100:   00007fb571d39760 00007fb571e1da50
0x0000700000219110:   0000700000219140 00007fff88b5a5a1
0x0000700000219120:   0000000105e03000 00007fb571e1db08
0x0000700000219130:   0000000000000028 0000000000000000
0x0000700000219140:   0000700000219190 00007fff88b5e6ee
0x0000700000219150:   00007fb571d37f70 00007fb500000004
0x0000700000219160:   0000700000219180 00007fb571e1db08
0x0000700000219170:   0000000000000028 00007fb571e1d9f0
0x0000700000219180:   00007fb571c29780 00007fb571d39760
0x0000700000219190:   00007000002191c0 00007fb571d395b0
0x00007000002191a0:   00007fb5720050d0 00007fb571e1da50
0x00007000002191b0:   0000000000000000 00007fb571e1da50
0x00007000002191c0:   0000700000219220 000000011eb6c095
0x00007000002191d0:   0000700000219220 00007fb5720050e0
0x00007000002191e0:   00007fb571d39760 00007fb571c29780
0x00007000002191f0:   0000700000219220 00007fb571d395b0
0x0000700000219200:   000000008d808049 00007fb571d3a04c
0x0000700000219210:   0000000002360201 00007fb571e1da50
0x0000700000219220:   00007000002192f0 000000011eb6d0a9
0x0000700000219230:   0000700000219260 00007fb5720050e0
0x0000700000219240:   00007fb571e1da50 00007fb5720050a0
0x0000700000219250:   00000000000000a0 00007fb571e1da50
0x0000700000219260:   00007000002192b0 00007000002192a0
0x0000700000219270:   0000000100000000 00007fb571d37780
0x0000700000219280:   00007fb5720050c0 00007fb571d395b0
0x0000700000219290:   0000000000000000 00007fb571d3a050
0x00007000002192a0:   00007fb571d32380 0000000100000001
0x00007000002192b0:   00007fb571e1d9f0 00007fb500000005
0x00007000002192c0:   0000700000219310 00007fb571e1da50
0x00007000002192d0:   0000000000000001 00007fb5720050a0
0x00007000002192e0:   0000000000000040 00007fb571e1da50
0x00007000002192f0:   0000700000219320 000000011eb5ca1d 

Instructions: (pc=0x000000011eb6a0c0)
0x000000011eb6a0a0:   49 89 c4 8b 78 08 85 ff 75 42 48 8d 05 ef 71 00
0x000000011eb6a0b0:   00 49 39 c4 74 36 48 8b 95 40 ff ff ff 48 8b 02
0x000000011eb6a0c0:   49 89 44 24 10 8b 42 08 41 89 44 24 18 83 7a 08
0x000000011eb6a0d0:   03 0f 8f ab 00 00 00 4c 89 e0 48 81 c4 98 00 00 

Register to memory mapping:

RAX=0x00007fb571d37000 is an unknown value
RBX=0x00007fb571d395b0 is an unknown value
RCX=0x0000000000000000 is an unknown value
RDX=0x00007fb571d39760 is an unknown value
RSP=0x0000700000219100 is pointing into the stack for thread: 0x00007fb573801800
RBP=0x00007000002191c0 is pointing into the stack for thread: 0x00007fb573801800
RSI=0x00007fb571d39760 is an unknown value
RDI=0x0000000000000000 is an unknown value
R8 =0x0000000000000000 is an unknown value
R9 =0x00007fb5720050d0 is an unknown value
R10=0x0000000105dd7e18 is an unknown value
R11=0x0000000000000000 is an unknown value
R12=0x000000011eb38a00: dummynode_+0 in /Applications/LDT_Eclipse.app/Contents/Eclipse/configuration/org.eclipse.osgi/9/0/.cp/lib/liblua5.1.jnilib at 0x000000011eb1a000
R13=0x00007fb571c29780 is an unknown value
R14=0x0000000000000000 is an unknown value
R15=0x00007fb571e1da50 is an unknown value


Stack: [0x000070000011a000,0x000070000021a000],  sp=0x0000700000219100,  free space=1020k
Native frames: (J=compiled Java code, j=interpreted, Vv=VM code, C=native code)
C  [libjnlua5.1.jnilib+0x200c0]  newkey+0x50
C  [libjnlua5.1.jnilib+0x22095]  luaV_settable+0x85
C  [libjnlua5.1.jnilib+0x230a9]  luaV_execute+0x7c9
C  [libjnlua5.1.jnilib+0x12a1d]  luaD_call+0xad
C  [libjnlua5.1.jnilib+0x9d5f]  lua_call+0x2f
C  [libjnlua5.1.jnilib+0x17faa]  ll_require+0x1ea
C  [libjnlua5.1.jnilib+0x12582]  luaD_precall+0x142
C  [libjnlua5.1.jnilib+0x23835]  luaV_execute+0xf55
C  [libjnlua5.1.jnilib+0x12a1d]  luaD_call+0xad
C  [libjnlua5.1.jnilib+0x120c7]  luaD_rawrunprotected+0x67
C  [libjnlua5.1.jnilib+0x12140]  luaD_pcall+0x50
C  [libjnlua5.1.jnilib+0x9ba7]  lua_pcall+0x57
C  [libjnlua5.1.jnilib+0x80d6]  Java_com_naef_jnlua_LuaState_lua_1pcall+0x1f6
j  com.naef.jnlua.LuaState.lua_pcall(II)V+0
j  com.naef.jnlua.LuaState.call(II)V+7
j  org.eclipse.ldt.support.lua51.internal.interpreter.JNLua51Launcher.run([Ljava/lang/String;)V+441
j  org.eclipse.ldt.support.lua51.internal.interpreter.JNLua51Launcher.main([Ljava/lang/String;)V+10
v  ~StubRoutines::call_stub
V  [libjvm.dylib+0x2eae7a]
V  [libjvm.dylib+0x321bec]
V  [libjvm.dylib+0x31a966]
C  [java+0x393e]  JavaMain+0x9b1
C  [libsystem_pthread.dylib+0x399d]  _pthread_body+0x83
C  [libsystem_pthread.dylib+0x391a]  _pthread_body+0x0
C  [libsystem_pthread.dylib+0x1351]  thread_start+0xd
C  0x0000000000000000

Java frames: (J=compiled Java code, j=interpreted, Vv=VM code)
j  com.naef.jnlua.LuaState.lua_pcall(II)V+0
j  com.naef.jnlua.LuaState.call(II)V+7
j  org.eclipse.ldt.support.lua51.internal.interpreter.JNLua51Launcher.run([Ljava/lang/String;)V+441
j  org.eclipse.ldt.support.lua51.internal.interpreter.JNLua51Launcher.main([Ljava/lang/String;)V+10
v  ~StubRoutines::call_stub

---------------  P R O C E S S  ---------------

Java Threads: ( => current thread )
  0x00007fb57300b000 JavaThread "Service Thread" daemon [_thread_blocked, id=18691, stack(0x0000700000e44000,0x0000700000f44000)]
  0x00007fb57382e000 JavaThread "C1 CompilerThread2" daemon [_thread_blocked, id=18179, stack(0x0000700000d41000,0x0000700000e41000)]
  0x00007fb57281d800 JavaThread "C2 CompilerThread1" daemon [_thread_blocked, id=17667, stack(0x0000700000c3e000,0x0000700000d3e000)]
  0x00007fb57204a000 JavaThread "C2 CompilerThread0" daemon [_thread_blocked, id=17155, stack(0x0000700000b3b000,0x0000700000c3b000)]
  0x00007fb57280d000 JavaThread "Signal Dispatcher" daemon [_thread_blocked, id=12815, stack(0x0000700000a38000,0x0000700000b38000)]
  0x00007fb573006000 JavaThread "Finalizer" daemon [_thread_blocked, id=12291, stack(0x000070000082f000,0x000070000092f000)]
  0x00007fb573819000 JavaThread "Reference Handler" daemon [_thread_blocked, id=11779, stack(0x000070000072c000,0x000070000082c000)]
=>0x00007fb573801800 JavaThread "main" [_thread_in_native, id=5891, stack(0x000070000011a000,0x000070000021a000)]

Other Threads:
  0x00007fb573816800 VMThread [stack: 0x0000700000629000,0x0000700000729000] [id=11267]
  0x00007fb573831000 WatcherThread [stack: 0x0000700000f47000,0x0000700001047000] [id=19203]

VM state:not at safepoint (normal execution)

VM Mutex/Monitor currently owned by a thread: None

Heap:
 PSYoungGen      total 38400K, used 3328K [0x0000000795580000, 0x0000000798000000, 0x00000007c0000000)
  eden space 33280K, 10% used [0x0000000795580000,0x00000007958c0148,0x0000000797600000)
  from space 5120K, 0% used [0x0000000797b00000,0x0000000797b00000,0x0000000798000000)
  to   space 5120K, 0% used [0x0000000797600000,0x0000000797600000,0x0000000797b00000)
 ParOldGen       total 87552K, used 0K [0x0000000740000000, 0x0000000745580000, 0x0000000795580000)
  object space 87552K, 0% used [0x0000000740000000,0x0000000740000000,0x0000000745580000)
 Metaspace       used 3146K, capacity 4816K, committed 5120K, reserved 1056768K
  class space    used 344K, capacity 456K, committed 512K, reserved 1048576K

Card table byte_map: [0x0000000116bf5000,0x0000000116ff6000] byte_map_base: 0x00000001131f5000

Marking Bits: (ParMarkBitMap*) 0x0000000106917ea0
 Begin Bits: [0x00000001172a1000, 0x00000001192a1000)
 End Bits:   [0x00000001192a1000, 0x000000011b2a1000)

Polling page: 0x0000000106fd3000

CodeCache: size=245760Kb used=1301Kb max_used=1313Kb free=244458Kb
 bounds [0x0000000107835000, 0x0000000107aa5000, 0x0000000116835000]
 total_blobs=349 nmethods=119 adapters=145
 compilation: enabled

Compilation events (10 events):
Event: 0.211 Thread 0x00007fb57382e000  115       1       java.security.CodeSource::getLocation (5 bytes)
Event: 0.211 Thread 0x00007fb57382e000 nmethod 115 0x0000000107977dd0 code [0x0000000107977f20, 0x0000000107978030]
Event: 0.213 Thread 0x00007fb57382e000  116       3       java.util.Arrays::copyOf (19 bytes)
Event: 0.213 Thread 0x00007fb57382e000 nmethod 116 0x000000010797c650 code [0x000000010797c7e0, 0x000000010797cb08]
Event: 0.213 Thread 0x00007fb57382e000  117       3       java.util.BitSet::wordIndex (5 bytes)
Event: 0.213 Thread 0x00007fb57382e000 nmethod 117 0x0000000107977ad0 code [0x0000000107977c20, 0x0000000107977d50]
Event: 0.213 Thread 0x00007fb57204a000  118       4       java.lang.String::startsWith (72 bytes)
Event: 0.213 Thread 0x00007fb57382e000  119       3       java.util.BitSet::checkInvariants (111 bytes)
Event: 0.213 Thread 0x00007fb57382e000 nmethod 119 0x000000010797c2d0 code [0x000000010797c440, 0x000000010797c5d0]
Event: 0.215 Thread 0x00007fb57204a000 nmethod 118 0x000000010797a990 code [0x000000010797aae0, 0x000000010797ac98]

GC Heap History (0 events):
No events

Deoptimization events (0 events):
No events

Internal exceptions (10 events):
Event: 0.139 Thread 0x00007fb573801800 Exception <a 'java/security/PrivilegedActionException'> (0x0000000795773568) thrown at [/HUDSON3/workspace/8-2-build-macosx-x86_64/jdk8u73/6086/hotspot/src/share/vm/prims/jvm.cpp, line 1386]
Event: 0.140 Thread 0x00007fb573801800 Exception <a 'java/util/zip/ZipException'> (0x00000007957742e8) thrown at [/HUDSON3/workspace/8-2-build-macosx-x86_64/jdk8u73/6086/hotspot/src/share/vm/prims/jni.cpp, line 709]
Event: 0.140 Thread 0x00007fb573801800 Exception <a 'java/security/PrivilegedActionException'> (0x00000007957744f0) thrown at [/HUDSON3/workspace/8-2-build-macosx-x86_64/jdk8u73/6086/hotspot/src/share/vm/prims/jvm.cpp, line 1386]
Event: 0.140 Thread 0x00007fb573801800 Exception <a 'java/security/PrivilegedActionException'> (0x0000000795774700) thrown at [/HUDSON3/workspace/8-2-build-macosx-x86_64/jdk8u73/6086/hotspot/src/share/vm/prims/jvm.cpp, line 1386]
Event: 0.142 Thread 0x00007fb573801800 Exception <a 'java/util/zip/ZipException'> (0x0000000795775480) thrown at [/HUDSON3/workspace/8-2-build-macosx-x86_64/jdk8u73/6086/hotspot/src/share/vm/prims/jni.cpp, line 709]
Event: 0.142 Thread 0x00007fb573801800 Exception <a 'java/security/PrivilegedActionException'> (0x0000000795775688) thrown at [/HUDSON3/workspace/8-2-build-macosx-x86_64/jdk8u73/6086/hotspot/src/share/vm/prims/jvm.cpp, line 1386]
Event: 0.142 Thread 0x00007fb573801800 Exception <a 'java/security/PrivilegedActionException'> (0x0000000795775898) thrown at [/HUDSON3/workspace/8-2-build-macosx-x86_64/jdk8u73/6086/hotspot/src/share/vm/prims/jvm.cpp, line 1386]
Event: 0.145 Thread 0x00007fb573801800 Exception <a 'java/util/zip/ZipException'> (0x0000000795787598) thrown at [/HUDSON3/workspace/8-2-build-macosx-x86_64/jdk8u73/6086/hotspot/src/share/vm/prims/jni.cpp, line 709]
Event: 0.145 Thread 0x00007fb573801800 Exception <a 'java/security/PrivilegedActionException'> (0x00000007957877a0) thrown at [/HUDSON3/workspace/8-2-build-macosx-x86_64/jdk8u73/6086/hotspot/src/share/vm/prims/jvm.cpp, line 1386]
Event: 0.145 Thread 0x00007fb573801800 Exception <a 'java/security/PrivilegedActionException'> (0x00000007957879b0) thrown at [/HUDSON3/workspace/8-2-build-macosx-x86_64/jdk8u73/6086/hotspot/src/share/vm/prims/jvm.cpp, line 1386]

Events (10 events):
Event: 0.213 loading class com/naef/jnlua/JavaModule$Elements
Event: 0.213 loading class com/naef/jnlua/JavaModule$Elements done
Event: 0.214 loading class com/naef/jnlua/JavaModule$Fields
Event: 0.214 loading class com/naef/jnlua/JavaModule$Fields done
Event: 0.214 loading class com/naef/jnlua/JavaModule$Methods
Event: 0.214 loading class com/naef/jnlua/JavaModule$Methods done
Event: 0.215 loading class com/naef/jnlua/JavaModule$Properties
Event: 0.215 loading class com/naef/jnlua/JavaModule$Properties done
Event: 0.216 loading class java/util/ArrayList$Itr
Event: 0.216 loading class java/util/ArrayList$Itr done


Dynamic libraries:
0x0000000002cb7000 	/System/Library/Frameworks/Cocoa.framework/Versions/A/Cocoa
0x0000000002cb7000 	/System/Library/Frameworks/Security.framework/Versions/A/Security
0x0000000002cb7000 	/System/Library/Frameworks/ApplicationServices.framework/Versions/A/ApplicationServices
0x0000000002cb7000 	/usr/lib/libz.1.dylib
0x0000000002cb7000 	/usr/lib/libSystem.B.dylib
0x0000000002cb7000 	/usr/lib/libobjc.A.dylib
0x0000000002cb7000 	/System/Library/Frameworks/CoreFoundation.framework/Versions/A/CoreFoundation
0x0000000002cb7000 	/System/Library/Frameworks/Foundation.framework/Versions/C/Foundation
0x0000000002cb7000 	/System/Library/Frameworks/AppKit.framework/Versions/C/AppKit
0x0000000002cb7000 	/System/Library/Frameworks/CoreData.framework/Versions/A/CoreData
0x0000000002cb7000 	/System/Library/PrivateFrameworks/RemoteViewServices.framework/Versions/A/RemoteViewServices
0x0000000002cb7000 	/System/Library/PrivateFrameworks/UIFoundation.framework/Versions/A/UIFoundation
0x0000000002cb7000 	/usr/lib/libScreenReader.dylib
0x0000000002cb7000 	/System/Library/Frameworks/Accelerate.framework/Versions/A/Accelerate
0x0000000002cb7000 	/System/Library/Frameworks/IOSurface.framework/Versions/A/IOSurface
0x0000000002cb7000 	/System/Library/Frameworks/AudioToolbox.framework/Versions/A/AudioToolbox
0x0000000002cb7000 	/System/Library/Frameworks/AudioUnit.framework/Versions/A/AudioUnit
0x0000000002cb7000 	/System/Library/PrivateFrameworks/DataDetectorsCore.framework/Versions/A/DataDetectorsCore
0x0000000002cb7000 	/System/Library/PrivateFrameworks/DesktopServicesPriv.framework/Versions/A/DesktopServicesPriv
0x0000000002cb7000 	/System/Library/Frameworks/Carbon.framework/Versions/A/Frameworks/HIToolbox.framework/Versions/A/HIToolbox
0x0000000002cb7000 	/System/Library/Frameworks/QuartzCore.framework/Versions/A/QuartzCore
0x0000000002cb7000 	/System/Library/Frameworks/Carbon.framework/Versions/A/Frameworks/SpeechRecognition.framework/Versions/A/SpeechRecognition
0x0000000002cb7000 	/usr/lib/libauto.dylib
0x0000000002cb7000 	/usr/lib/libicucore.A.dylib
0x0000000002cb7000 	/usr/lib/libxml2.2.dylib
0x0000000002cb7000 	/System/Library/PrivateFrameworks/CoreUI.framework/Versions/A/CoreUI
0x0000000002cb7000 	/System/Library/Frameworks/CoreAudio.framework/Versions/A/CoreAudio
0x0000000002cb7000 	/System/Library/Frameworks/DiskArbitration.framework/Versions/A/DiskArbitration
0x0000000002cb7000 	/usr/lib/liblangid.dylib
0x0000000002cb7000 	/System/Library/PrivateFrameworks/MultitouchSupport.framework/Versions/A/MultitouchSupport
0x0000000002cb7000 	/System/Library/Frameworks/IOKit.framework/Versions/A/IOKit
0x0000000002cb7000 	/usr/lib/libDiagnosticMessagesClient.dylib
0x0000000002cb7000 	/System/Library/Frameworks/CoreServices.framework/Versions/A/CoreServices
0x0000000002cb7000 	/System/Library/PrivateFrameworks/PerformanceAnalysis.framework/Versions/A/PerformanceAnalysis
0x0000000002cb7000 	/System/Library/PrivateFrameworks/GenerationalStorage.framework/Versions/A/GenerationalStorage
0x0000000002cb7000 	/System/Library/Frameworks/OpenGL.framework/Versions/A/OpenGL
0x0000000002cb7000 	/System/Library/PrivateFrameworks/Sharing.framework/Versions/A/Sharing
0x0000000002cb7000 	/System/Library/Frameworks/CoreGraphics.framework/Versions/A/CoreGraphics
0x0000000002cb7000 	/System/Library/Frameworks/CoreImage.framework/Versions/A/CoreImage
0x0000000002cb7000 	/System/Library/Frameworks/CoreText.framework/Versions/A/CoreText
0x0000000002cb7000 	/System/Library/Frameworks/ImageIO.framework/Versions/A/ImageIO
0x0000000002cb7000 	/System/Library/PrivateFrameworks/Backup.framework/Versions/A/Backup
0x0000000002cb7000 	/usr/lib/libextension.dylib
0x0000000002cb7000 	/usr/lib/libarchive.2.dylib
0x0000000002cb7000 	/System/Library/Frameworks/CFNetwork.framework/Versions/A/CFNetwork
0x0000000002cb7000 	/System/Library/Frameworks/SystemConfiguration.framework/Versions/A/SystemConfiguration
0x0000000002cb7000 	/usr/lib/libCRFSuite.dylib
0x0000000002cb7000 	/usr/lib/libc++.1.dylib
0x0000000002cb7000 	/usr/lib/libc++abi.dylib
0x0000000002cb7000 	/usr/lib/system/libcache.dylib
0x0000000002cb7000 	/usr/lib/system/libcommonCrypto.dylib
0x0000000002cb7000 	/usr/lib/system/libcompiler_rt.dylib
0x0000000002cb7000 	/usr/lib/system/libcopyfile.dylib
0x0000000002cb7000 	/usr/lib/system/libcorecrypto.dylib
0x0000000002cb7000 	/usr/lib/system/libdispatch.dylib
0x0000000002cb7000 	/usr/lib/system/libdyld.dylib
0x0000000002cb7000 	/usr/lib/system/libkeymgr.dylib
0x0000000002cb7000 	/usr/lib/system/liblaunch.dylib
0x0000000002cb7000 	/usr/lib/system/libmacho.dylib
0x0000000002cb7000 	/usr/lib/system/libquarantine.dylib
0x0000000002cb7000 	/usr/lib/system/libremovefile.dylib
0x0000000002cb7000 	/usr/lib/system/libsystem_asl.dylib
0x0000000002cb7000 	/usr/lib/system/libsystem_blocks.dylib
0x0000000002cb7000 	/usr/lib/system/libsystem_c.dylib
0x0000000002cb7000 	/usr/lib/system/libsystem_configuration.dylib
0x0000000002cb7000 	/usr/lib/system/libsystem_coreservices.dylib
0x0000000002cb7000 	/usr/lib/system/libsystem_coretls.dylib
0x0000000002cb7000 	/usr/lib/system/libsystem_dnssd.dylib
0x0000000002cb7000 	/usr/lib/system/libsystem_info.dylib
0x0000000002cb7000 	/usr/lib/system/libsystem_kernel.dylib
0x0000000002cb7000 	/usr/lib/system/libsystem_m.dylib
0x0000000002cb7000 	/usr/lib/system/libsystem_malloc.dylib
0x0000000002cb7000 	/usr/lib/system/libsystem_network.dylib
0x0000000002cb7000 	/usr/lib/system/libsystem_networkextension.dylib
0x0000000002cb7000 	/usr/lib/system/libsystem_notify.dylib
0x0000000002cb7000 	/usr/lib/system/libsystem_platform.dylib
0x0000000002cb7000 	/usr/lib/system/libsystem_pthread.dylib
0x0000000002cb7000 	/usr/lib/system/libsystem_sandbox.dylib
0x0000000002cb7000 	/usr/lib/system/libsystem_secinit.dylib
0x0000000002cb7000 	/usr/lib/system/libsystem_trace.dylib
0x0000000002cb7000 	/usr/lib/system/libunc.dylib
0x0000000002cb7000 	/usr/lib/system/libunwind.dylib
0x0000000002cb7000 	/usr/lib/system/libxpc.dylib
0x0000000002cb7000 	/usr/lib/libenergytrace.dylib
0x0000000002cb7000 	/usr/lib/libbsm.0.dylib
0x0000000002cb7000 	/usr/lib/system/libkxld.dylib
0x0000000002cb7000 	/usr/lib/libxar.1.dylib
0x0000000002cb7000 	/usr/lib/libsqlite3.dylib
0x0000000002cb7000 	/usr/lib/libpam.2.dylib
0x0000000002cb7000 	/usr/lib/libOpenScriptingUtil.dylib
0x0000000002cb7000 	/usr/lib/libbz2.1.0.dylib
0x0000000002cb7000 	/usr/lib/liblzma.5.dylib
0x0000000002cb7000 	/System/Library/Frameworks/CoreServices.framework/Versions/A/Frameworks/FSEvents.framework/Versions/A/FSEvents
0x0000000002cb7000 	/System/Library/Frameworks/CoreServices.framework/Versions/A/Frameworks/CarbonCore.framework/Versions/A/CarbonCore
0x0000000002cb7000 	/System/Library/Frameworks/CoreServices.framework/Versions/A/Frameworks/Metadata.framework/Versions/A/Metadata
0x0000000002cb7000 	/System/Library/Frameworks/CoreServices.framework/Versions/A/Frameworks/OSServices.framework/Versions/A/OSServices
0x0000000002cb7000 	/System/Library/Frameworks/CoreServices.framework/Versions/A/Frameworks/SearchKit.framework/Versions/A/SearchKit
0x0000000002cb7000 	/System/Library/Frameworks/CoreServices.framework/Versions/A/Frameworks/AE.framework/Versions/A/AE
0x0000000002cb7000 	/System/Library/Frameworks/CoreServices.framework/Versions/A/Frameworks/LaunchServices.framework/Versions/A/LaunchServices
0x0000000002cb7000 	/System/Library/Frameworks/CoreServices.framework/Versions/A/Frameworks/DictionaryServices.framework/Versions/A/DictionaryServices
0x0000000002cb7000 	/System/Library/Frameworks/CoreServices.framework/Versions/A/Frameworks/SharedFileList.framework/Versions/A/SharedFileList
0x0000000002cb7000 	/System/Library/Frameworks/NetFS.framework/Versions/A/NetFS
0x0000000002cb7000 	/System/Library/PrivateFrameworks/NetAuth.framework/Versions/A/NetAuth
0x0000000002cb7000 	/System/Library/PrivateFrameworks/login.framework/Versions/A/Frameworks/loginsupport.framework/Versions/A/loginsupport
0x0000000002cb7000 	/System/Library/PrivateFrameworks/TCC.framework/Versions/A/TCC
0x0000000002cb7000 	/usr/lib/libmecabra.dylib
0x0000000002cb7000 	/System/Library/Frameworks/ApplicationServices.framework/Versions/A/Frameworks/ATS.framework/Versions/A/ATS
0x0000000002cb7000 	/System/Library/Frameworks/ApplicationServices.framework/Versions/A/Frameworks/ColorSync.framework/Versions/A/ColorSync
0x0000000002cb7000 	/System/Library/Frameworks/ApplicationServices.framework/Versions/A/Frameworks/HIServices.framework/Versions/A/HIServices
0x0000000002cb7000 	/System/Library/Frameworks/ApplicationServices.framework/Versions/A/Frameworks/LangAnalysis.framework/Versions/A/LangAnalysis
0x0000000002cb7000 	/System/Library/Frameworks/ApplicationServices.framework/Versions/A/Frameworks/PrintCore.framework/Versions/A/PrintCore
0x0000000002cb7000 	/System/Library/Frameworks/ApplicationServices.framework/Versions/A/Frameworks/QD.framework/Versions/A/QD
0x0000000002cb7000 	/System/Library/Frameworks/ApplicationServices.framework/Versions/A/Frameworks/SpeechSynthesis.framework/Versions/A/SpeechSynthesis
0x0000000002cb7000 	/System/Library/Frameworks/Metal.framework/Versions/A/Metal
0x0000000002cb7000 	/System/Library/Frameworks/Accelerate.framework/Versions/A/Frameworks/vImage.framework/Versions/A/vImage
0x0000000002cb7000 	/System/Library/Frameworks/Accelerate.framework/Versions/A/Frameworks/vecLib.framework/Versions/A/vecLib
0x0000000002cb7000 	/System/Library/Frameworks/Accelerate.framework/Versions/A/Frameworks/vecLib.framework/Versions/A/libvDSP.dylib
0x0000000002cb7000 	/System/Library/Frameworks/Accelerate.framework/Versions/A/Frameworks/vecLib.framework/Versions/A/libvMisc.dylib
0x0000000002cb7000 	/System/Library/Frameworks/Accelerate.framework/Versions/A/Frameworks/vecLib.framework/Versions/A/libLAPACK.dylib
0x0000000002cb7000 	/System/Library/Frameworks/Accelerate.framework/Versions/A/Frameworks/vecLib.framework/Versions/A/libBLAS.dylib
0x0000000002cb7000 	/System/Library/Frameworks/Accelerate.framework/Versions/A/Frameworks/vecLib.framework/Versions/A/libLinearAlgebra.dylib
0x0000000002cb7000 	/System/Library/Frameworks/Accelerate.framework/Versions/A/Frameworks/vecLib.framework/Versions/A/libSparseBLAS.dylib
0x0000000002cb7000 	/System/Library/PrivateFrameworks/GPUCompiler.framework/libmetal_timestamp.dylib
0x0000000002cb7000 	/System/Library/Frameworks/OpenGL.framework/Versions/A/Libraries/libCoreFSCache.dylib
0x0000000002cb7000 	/System/Library/PrivateFrameworks/IOAccelerator.framework/Versions/A/IOAccelerator
0x0000000002cb7000 	/System/Library/Frameworks/ApplicationServices.framework/Versions/A/Frameworks/ATS.framework/Versions/A/Resources/libFontParser.dylib
0x0000000002cb7000 	/System/Library/Frameworks/ApplicationServices.framework/Versions/A/Frameworks/ATS.framework/Versions/A/Resources/libFontRegistry.dylib
0x0000000002cb7000 	/System/Library/PrivateFrameworks/AppleVPA.framework/Versions/A/AppleVPA
0x0000000002cb7000 	/System/Library/PrivateFrameworks/AppleJPEG.framework/Versions/A/AppleJPEG
0x0000000002cb7000 	/System/Library/Frameworks/ImageIO.framework/Versions/A/Resources/libJPEG.dylib
0x0000000002cb7000 	/System/Library/Frameworks/ImageIO.framework/Versions/A/Resources/libTIFF.dylib
0x0000000002cb7000 	/System/Library/Frameworks/ImageIO.framework/Versions/A/Resources/libPng.dylib
0x0000000002cb7000 	/System/Library/Frameworks/ImageIO.framework/Versions/A/Resources/libGIF.dylib
0x0000000002cb7000 	/System/Library/Frameworks/ImageIO.framework/Versions/A/Resources/libJP2.dylib
0x0000000002cb7000 	/System/Library/Frameworks/ImageIO.framework/Versions/A/Resources/libRadiance.dylib
0x0000000002cb7000 	/System/Library/Frameworks/CoreVideo.framework/Versions/A/CoreVideo
0x0000000002cb7000 	/System/Library/Frameworks/OpenGL.framework/Versions/A/Libraries/libGLU.dylib
0x0000000002cb7000 	/System/Library/Frameworks/OpenGL.framework/Versions/A/Libraries/libGFXShared.dylib
0x0000000002cb7000 	/System/Library/Frameworks/OpenGL.framework/Versions/A/Libraries/libGL.dylib
0x0000000002cb7000 	/System/Library/Frameworks/OpenGL.framework/Versions/A/Libraries/libGLImage.dylib
0x0000000002cb7000 	/System/Library/Frameworks/OpenGL.framework/Versions/A/Libraries/libCVMSPluginSupport.dylib
0x0000000002cb7000 	/System/Library/Frameworks/OpenGL.framework/Versions/A/Libraries/libCoreVMClient.dylib
0x0000000002cb7000 	/usr/lib/libcompression.dylib
0x0000000002cb7000 	/usr/lib/libcups.2.dylib
0x0000000002cb7000 	/System/Library/Frameworks/Kerberos.framework/Versions/A/Kerberos
0x0000000002cb7000 	/System/Library/Frameworks/GSS.framework/Versions/A/GSS
0x0000000002cb7000 	/usr/lib/libresolv.9.dylib
0x0000000002cb7000 	/usr/lib/libiconv.2.dylib
0x0000000002cb7000 	/System/Library/PrivateFrameworks/Heimdal.framework/Versions/A/Heimdal
0x0000000002cb7000 	/usr/lib/libheimdal-asn1.dylib
0x0000000002cb7000 	/System/Library/Frameworks/OpenDirectory.framework/Versions/A/OpenDirectory
0x0000000002cb7000 	/System/Library/PrivateFrameworks/CommonAuth.framework/Versions/A/CommonAuth
0x0000000002cb7000 	/System/Library/Frameworks/OpenDirectory.framework/Versions/A/Frameworks/CFOpenDirectory.framework/Versions/A/CFOpenDirectory
0x0000000002cb7000 	/System/Library/Frameworks/SecurityFoundation.framework/Versions/A/SecurityFoundation
0x0000000002cb7000 	/System/Library/PrivateFrameworks/LanguageModeling.framework/Versions/A/LanguageModeling
0x0000000002cb7000 	/usr/lib/libmarisa.dylib
0x0000000002cb7000 	/usr/lib/libChineseTokenizer.dylib
0x0000000002cb7000 	/usr/lib/libcmph.dylib
0x0000000002cb7000 	/System/Library/Frameworks/ServiceManagement.framework/Versions/A/ServiceManagement
0x0000000002cb7000 	/usr/lib/libxslt.1.dylib
0x0000000002cb7000 	/System/Library/Frameworks/Carbon.framework/Versions/A/Frameworks/Ink.framework/Versions/A/Ink
0x0000000002cb7000 	/usr/lib/libFosl_dynamic.dylib
0x0000000002cb7000 	/System/Library/PrivateFrameworks/FaceCore.framework/Versions/A/FaceCore
0x0000000002cb7000 	/System/Library/Frameworks/OpenCL.framework/Versions/A/OpenCL
0x0000000002cb7000 	/System/Library/PrivateFrameworks/CrashReporterSupport.framework/Versions/A/CrashReporterSupport
0x0000000002cb7000 	/System/Library/PrivateFrameworks/IconServices.framework/Versions/A/IconServices
0x0000000002cb7000 	/System/Library/PrivateFrameworks/Apple80211.framework/Versions/A/Apple80211
0x0000000002cb7000 	/System/Library/Frameworks/CoreWLAN.framework/Versions/A/CoreWLAN
0x0000000002cb7000 	/System/Library/Frameworks/IOBluetooth.framework/Versions/A/IOBluetooth
0x0000000002cb7000 	/System/Library/PrivateFrameworks/CoreWiFi.framework/Versions/A/CoreWiFi
0x0000000002cb7000 	/System/Library/Frameworks/CoreBluetooth.framework/Versions/A/CoreBluetooth
0x0000000002cb7000 	/System/Library/PrivateFrameworks/ChunkingLibrary.framework/Versions/A/ChunkingLibrary
0x0000000002cb7000 	/System/Library/PrivateFrameworks/DebugSymbols.framework/Versions/A/DebugSymbols
0x0000000002cb7000 	/System/Library/PrivateFrameworks/CoreSymbolication.framework/Versions/A/CoreSymbolication
0x0000000002cb7000 	/System/Library/PrivateFrameworks/Symbolication.framework/Versions/A/Symbolication
0x0000000002cb7000 	/System/Library/PrivateFrameworks/SpeechRecognitionCore.framework/Versions/A/SpeechRecognitionCore
0x0000000106034000 	/Library/Java/JavaVirtualMachines/jdk1.8.0_73.jdk/Contents/Home/jre/lib/server/libjvm.dylib
0x0000000002cb7000 	/usr/lib/libstdc++.6.dylib
0x0000000106fc5000 	/Library/Java/JavaVirtualMachines/jdk1.8.0_73.jdk/Contents/Home/jre/lib/libverify.dylib
0x0000000107800000 	/Library/Java/JavaVirtualMachines/jdk1.8.0_73.jdk/Contents/Home/jre/lib/libjava.dylib
0x0000000106fdd000 	/Library/Java/JavaVirtualMachines/jdk1.8.0_73.jdk/Contents/Home/jre/lib/libzip.dylib
0x000000011d197000 	/System/Library/Frameworks/JavaVM.framework/Frameworks/JavaRuntimeSupport.framework/JavaRuntimeSupport
0x0000000106fe7000 	/System/Library/Frameworks/JavaVM.framework/Versions/A/Frameworks/JavaNativeFoundation.framework/Versions/A/JavaNativeFoundation
0x000000011d1b2000 	/System/Library/Frameworks/JavaVM.framework/Versions/A/JavaVM
0x0000000002cb7000 	/System/Library/Frameworks/Carbon.framework/Versions/A/Carbon
0x000000011d1bf000 	/System/Library/PrivateFrameworks/JavaLaunching.framework/Versions/A/JavaLaunching
0x0000000002cb7000 	/System/Library/Frameworks/Carbon.framework/Versions/A/Frameworks/CommonPanels.framework/Versions/A/CommonPanels
0x0000000002cb7000 	/System/Library/Frameworks/Carbon.framework/Versions/A/Frameworks/Help.framework/Versions/A/Help
0x0000000002cb7000 	/System/Library/Frameworks/Carbon.framework/Versions/A/Frameworks/ImageCapture.framework/Versions/A/ImageCapture
0x0000000002cb7000 	/System/Library/Frameworks/Carbon.framework/Versions/A/Frameworks/OpenScripting.framework/Versions/A/OpenScripting
0x0000000002cb7000 	/System/Library/Frameworks/Carbon.framework/Versions/A/Frameworks/Print.framework/Versions/A/Print
0x0000000002cb7000 	/System/Library/Frameworks/Carbon.framework/Versions/A/Frameworks/SecurityHI.framework/Versions/A/SecurityHI
0x000000011eb1a000 	/Applications/LDT_Eclipse.app/Contents/Eclipse/configuration/org.eclipse.osgi/9/0/.cp/lib/liblua5.1.jnilib
0x000000011eb4a000 	/Applications/LDT_Eclipse.app/Contents/Eclipse/configuration/org.eclipse.osgi/9/0/.cp/lib/libjnlua5.1.jnilib
0x000000011eb86000 	/Users/pwang8/torch/install/lib/lua/5.1/libpaths.so
0x000000011eb8b000 	/Users/pwang8/torch/install/lib/lua/5.1/libtorch.so
0x000000011ed3f000 	/Users/pwang8/torch/install/lib/libluaT.dylib
0x000000011ed48000 	/Users/pwang8/torch/install/lib/libTH.dylib
0x000000011efa6000 	/Users/pwang8/torch/install/lib/lua/5.1/ffi.so
0x000000011efc7000 	/Users/pwang8/torch/install/lib/lua/5.1/libsys.so

VM Arguments:
jvm_args: -Djava.library.path=/Applications/LDT_Eclipse.app/Contents/Eclipse/configuration/org.eclipse.osgi/9/0/.cp/lib:/Applications/LDT_Eclipse.app/Contents/Eclipse/configuration/org.eclipse.osgi/9/0/.cp/lib 
java_command: org.eclipse.ldt.support.lua51.internal.interpreter.JNLua51Launcher -e io.stdout:setvbuf('no') /Users/pwang8/MLRL/Learn/Tutorial/TorchTutorial/char-rnn/train.lua
java_class_path (initial): /Applications/LDT_Eclipse.app/Contents/Eclipse/configuration/org.eclipse.osgi/7/0/.cp/:/Applications/LDT_Eclipse.app/Contents/Eclipse/configuration/org.eclipse.osgi/179/0/.cp/
Launcher Type: SUN_STANDARD

Environment Variables:
PATH=/usr/bin:/bin:/usr/sbin:/sbin
SHELL=/bin/bash
DISPLAY=/private/tmp/com.apple.launchd.4b1rFeCoIe/org.macosforge.xquartz:0

Signal Handlers:
SIGSEGV: [libjvm.dylib+0x5a71a5], sa_mask[0]=11111111011111110111111111111111, sa_flags=SA_ONSTACK|SA_RESTART|SA_SIGINFO
SIGBUS: [libjvm.dylib+0x5a71a5], sa_mask[0]=11111111011111110111111111111111, sa_flags=SA_RESTART|SA_SIGINFO
SIGFPE: [libjvm.dylib+0x480eb4], sa_mask[0]=11111111011111110111111111111111, sa_flags=SA_RESTART|SA_SIGINFO
SIGPIPE: [libjvm.dylib+0x480eb4], sa_mask[0]=11111111011111110111111111111111, sa_flags=SA_RESTART|SA_SIGINFO
SIGXFSZ: [libjvm.dylib+0x480eb4], sa_mask[0]=11111111011111110111111111111111, sa_flags=SA_RESTART|SA_SIGINFO
SIGILL: [libjvm.dylib+0x480eb4], sa_mask[0]=11111111011111110111111111111111, sa_flags=SA_RESTART|SA_SIGINFO
SIGUSR1: SIG_DFL, sa_mask[0]=00000000000000000000000000000000, sa_flags=none
SIGUSR2: [libjvm.dylib+0x4809d2], sa_mask[0]=00100000000000000000000000000000, sa_flags=SA_RESTART|SA_SIGINFO
SIGHUP: [libjvm.dylib+0x47efa9], sa_mask[0]=11111111011111110111111111111111, sa_flags=SA_RESTART|SA_SIGINFO
SIGINT: [libjvm.dylib+0x47efa9], sa_mask[0]=11111111011111110111111111111111, sa_flags=SA_RESTART|SA_SIGINFO
SIGTERM: [libjvm.dylib+0x47efa9], sa_mask[0]=11111111011111110111111111111111, sa_flags=SA_RESTART|SA_SIGINFO
SIGQUIT: [libjvm.dylib+0x47efa9], sa_mask[0]=11111111011111110111111111111111, sa_flags=SA_RESTART|SA_SIGINFO


---------------  S Y S T E M  ---------------

OS:Bsduname:Darwin 15.6.0 Darwin Kernel Version 15.6.0: Thu Jun 23 18:25:34 PDT 2016; root:xnu-3248.60.10~1/RELEASE_X86_64 x86_64
rlimit: STACK 8192k, CORE 0k, NPROC 709, NOFILE 10240, AS infinity
load average:1.69 1.52 1.44

CPU:total 4 (2 cores per cpu, 2 threads per core) family 6 model 37 stepping 5, cmov, cx8, fxsr, mmx, sse, sse2, sse3, ssse3, sse4.1, sse4.2, popcnt, aes, clmul, ht, tsc, tscinvbit

Memory: 4k page, physical 8388608k(39608k free)

/proc/meminfo:


vm_info: Java HotSpot(TM) 64-Bit Server VM (25.73-b02) for bsd-amd64 JRE (1.8.0_73-b02), built on Jan 29 2016 15:02:00 by "java_re" with gcc 4.2.1 (Based on Apple Inc. build 5658) (LLVM build 2336.11.00)

time: Tue Oct 11 18:34:55 2016
elapsed time: 0 seconds (0d 0h 0m 0s)

